<?xml version="1.0" encoding="UTF-8"?>
<!-- Generated by org.testng.reporters.JUnitReportReporter -->
<testsuite skipped="0" hostname="DESKTOP-O6EPPA1" name="a1_googleTest.A1_SampleGoogle" tests="1" failures="0" timestamp="10 Aug 2023 05:15:39 GMT" time="104.388" errors="0">
  <testcase name="loginGoogleTest" time="104.388" classname="a1_googleTest.A1_SampleGoogle"/>
</testsuite> <!-- a1_googleTest.A1_SampleGoogle -->
