<?xml version="1.0" encoding="UTF-8"?>
<!-- Generated by org.testng.reporters.JUnitReportReporter -->
<testsuite skipped="0" hostname="DESKTOP-O6EPPA1" name="a2_bingtest.A1_Samplebing" tests="1" failures="0" timestamp="10 Aug 2023 05:10:25 GMT" time="111.048" errors="1">
  <testcase name="loginBingTest" time="111.048" classname="a2_bingtest.A1_Samplebing">
    <error type="org.openqa.selenium.remote.UnreachableBrowserException" message="Error communicating with the remote browser. It may have died.
Build info: version: &#039;4.9.1&#039;, revision: &#039;eb2032df7f&#039;
System info: os.name: &#039;Windows 10&#039;, os.arch: &#039;amd64&#039;, os.version: &#039;10.0&#039;, java.version: &#039;1.8.0_291&#039;
Driver info: org.openqa.selenium.chrome.ChromeDriver
Command: [9d19c91bb7c1659ab18affaad8da3c65, get {url=https://www.bing.com/}]
Capabilities {acceptInsecureCerts: false, browserName: chrome, browserVersion: 115.0.5790.171, chrome: {chromedriverVersion: 114.0.5735.90 (386bc09e8f4f..., userDataDir: C:\Users\Kathir\AppData\Loc...}, goog:chromeOptions: {debuggerAddress: localhost:54926}, networkConnectionEnabled: false, pageLoadStrategy: normal, platformName: windows, proxy: Proxy(), se:cdp: ws://localhost:54926/devtoo..., se:cdpVersion: 115.0.5790.171, setWindowRect: true, strictFileInteractability: false, timeouts: {implicit: 0, pageLoad: 300000, script: 30000}, unhandledPromptBehavior: dismiss and notify, webauthn:extension:credBlob: true, webauthn:extension:largeBlob: true, webauthn:extension:minPinLength: true, webauthn:extension:prf: true, webauthn:virtualAuthenticators: true}
Session ID: 9d19c91bb7c1659ab18affaad8da3c65">
      <![CDATA[org.openqa.selenium.remote.UnreachableBrowserException: Error communicating with the remote browser. It may have died.Build info: version: '4.9.1', revision: 'eb2032df7f'System info: os.name: 'Windows 10', os.arch: 'amd64', os.version: '10.0', java.version: '1.8.0_291'Driver info: org.openqa.selenium.chrome.ChromeDriverCommand: [9d19c91bb7c1659ab18affaad8da3c65, get {url=https://www.bing.com/}]Capabilities {acceptInsecureCerts: false, browserName: chrome, browserVersion: 115.0.5790.171, chrome: {chromedriverVersion: 114.0.5735.90 (386bc09e8f4f..., userDataDir: C:\Users\Kathir\AppData\Loc...}, goog:chromeOptions: {debuggerAddress: localhost:54926}, networkConnectionEnabled: false, pageLoadStrategy: normal, platformName: windows, proxy: Proxy(), se:cdp: ws://localhost:54926/devtoo..., se:cdpVersion: 115.0.5790.171, setWindowRect: true, strictFileInteractability: false, timeouts: {implicit: 0, pageLoad: 300000, script: 30000}, unhandledPromptBehavior: dismiss and notify, webauthn:extension:credBlob: true, webauthn:extension:largeBlob: true, webauthn:extension:minPinLength: true, webauthn:extension:prf: true, webauthn:virtualAuthenticators: true}Session ID: 9d19c91bb7c1659ab18affaad8da3c65at org.openqa.selenium.remote.RemoteWebDriver.execute(RemoteWebDriver.java:567)at org.openqa.selenium.remote.RemoteWebDriver.get(RemoteWebDriver.java:297)at a2_bingtest.A1_Samplebing.loginBingTest(A1_Samplebing.java:22)at sun.reflect.NativeMethodAccessorImpl.invoke0(Native Method)at sun.reflect.NativeMethodAccessorImpl.invoke(Unknown Source)at sun.reflect.DelegatingMethodAccessorImpl.invoke(Unknown Source)at java.lang.reflect.Method.invoke(Unknown Source)at org.testng.internal.MethodInvocationHelper.invokeMethod(MethodInvocationHelper.java:124)at org.testng.internal.Invoker.invokeMethod(Invoker.java:571)at org.testng.internal.Invoker.invokeTestMethod(Invoker.java:707)at org.testng.internal.Invoker.invokeTestMethods(Invoker.java:979)at org.testng.internal.TestMethodWorker.invokeTestMethods(TestMethodWorker.java:125)at org.testng.internal.TestMethodWorker.run(TestMethodWorker.java:109)at org.testng.TestRunner.privateRun(TestRunner.java:648)at org.testng.TestRunner.run(TestRunner.java:505)at org.testng.SuiteRunner.runTest(SuiteRunner.java:455)at org.testng.SuiteRunner.runSequentially(SuiteRunner.java:450)at org.testng.SuiteRunner.privateRun(SuiteRunner.java:415)at org.testng.SuiteRunner.run(SuiteRunner.java:364)at org.testng.SuiteRunnerWorker.runSuite(SuiteRunnerWorker.java:52)at org.testng.SuiteRunnerWorker.run(SuiteRunnerWorker.java:84)at org.testng.TestNG.runSuitesSequentially(TestNG.java:1187)at org.testng.TestNG.runSuitesSequentially(TestNG.java:1183)at org.testng.TestNG.runSuitesLocally(TestNG.java:1116)at org.testng.TestNG.runSuites(TestNG.java:1028)at org.testng.TestNG.run(TestNG.java:996)at org.testng.remote.AbstractRemoteTestNG.run(AbstractRemoteTestNG.java:114)at org.testng.remote.RemoteTestNG.initAndRun(RemoteTestNG.java:251)at org.testng.remote.RemoteTestNG.main(RemoteTestNG.java:77)Caused by: java.io.UncheckedIOException: java.io.IOException: An existing connection was forcibly closed by the remote hostat org.openqa.selenium.remote.http.netty.NettyHttpHandler.makeCall(NettyHttpHandler.java:73)at org.openqa.selenium.remote.http.AddSeleniumUserAgent.lambda$apply$0(AddSeleniumUserAgent.java:42)at org.openqa.selenium.remote.http.Filter.lambda$andFinally$1(Filter.java:56)at org.openqa.selenium.remote.http.netty.NettyHttpHandler.execute(NettyHttpHandler.java:49)at org.openqa.selenium.remote.http.AddSeleniumUserAgent.lambda$apply$0(AddSeleniumUserAgent.java:42)at org.openqa.selenium.remote.http.Filter.lambda$andFinally$1(Filter.java:56)at org.openqa.selenium.remote.http.netty.NettyClient.execute(NettyClient.java:99)at org.openqa.selenium.remote.HttpCommandExecutor.execute(HttpCommandExecutor.java:190)at org.openqa.selenium.remote.service.DriverCommandExecutor.invokeExecute(DriverCommandExecutor.java:183)at org.openqa.selenium.remote.service.DriverCommandExecutor.execute(DriverCommandExecutor.java:158)at org.openqa.selenium.remote.RemoteWebDriver.execute(RemoteWebDriver.java:543)... 28 moreCaused by: java.io.IOException: An existing connection was forcibly closed by the remote hostat sun.nio.ch.SocketDispatcher.read0(Native Method)at sun.nio.ch.SocketDispatcher.read(Unknown Source)at sun.nio.ch.IOUtil.readIntoNativeBuffer(Unknown Source)at sun.nio.ch.IOUtil.read(Unknown Source)at sun.nio.ch.SocketChannelImpl.read(Unknown Source)at io.netty.buffer.PooledByteBuf.setBytes(PooledByteBuf.java:256)at io.netty.buffer.AbstractByteBuf.writeBytes(AbstractByteBuf.java:1132)at io.netty.channel.socket.nio.NioSocketChannel.doReadBytes(NioSocketChannel.java:357)at io.netty.channel.nio.AbstractNioByteChannel$NioByteUnsafe.read(AbstractNioByteChannel.java:151)at io.netty.channel.nio.NioEventLoop.processSelectedKey(NioEventLoop.java:788)at io.netty.channel.nio.NioEventLoop.processSelectedKeysOptimized(NioEventLoop.java:724)at io.netty.channel.nio.NioEventLoop.processSelectedKeys(NioEventLoop.java:650)at io.netty.channel.nio.NioEventLoop.run(NioEventLoop.java:562)at io.netty.util.concurrent.SingleThreadEventExecutor$4.run(SingleThreadEventExecutor.java:997)at io.netty.util.internal.ThreadExecutorMap$2.run(ThreadExecutorMap.java:74)at io.netty.util.concurrent.FastThreadLocalRunnable.run(FastThreadLocalRunnable.java:30)at java.lang.Thread.run(Unknown Source)]]>
    </error>
  </testcase> <!-- loginBingTest -->
</testsuite> <!-- a2_bingtest.A1_Samplebing -->
